build/Android/Debug/app/build/outputs/logs/manifest-merger-debug-report.txt
-- Merging decision tree log ---
manifest
ADDED from src/main/AndroidManifest.xml:2:1-68:12
	package
		ADDED from src/main/AndroidManifest.xml:3:11-39
		INJECTED from src/main/AndroidManifest.xml
		INJECTED from src/main/AndroidManifest.xml
	android:versionName
		INJECTED from src/main/AndroidManifest.xml
		INJECTED from src/main/AndroidManifest.xml
	xmlns:android
		ADDED from src/main/AndroidManifest.xml:2:11-69
uses-feature#0x00020000
ADDED from src/main/AndroidManifest.xml:5:5-53
	android:glEsVersion
		ADDED from src/main/AndroidManifest.xml:5:19-51
uses-permission#android.permission.WAKE_LOCK
ADDED from src/main/AndroidManifest.xml:7:5-68
	android:name
		ADDED from src/main/AndroidManifest.xml:7:22-65
uses-permission#android.permission.WRITE_EXTERNAL_STORAGE
ADDED from src/main/AndroidManifest.xml:8:5-81
	android:name
		ADDED from src/main/AndroidManifest.xml:8:22-78
uses-permission#android.permission.INTERNET
ADDED from src/main/AndroidManifest.xml:9:5-67
	android:name
		ADDED from src/main/AndroidManifest.xml:9:22-64
uses-permission#android.permission.ACCESS_NETWORK_STATE
ADDED from src/main/AndroidManifest.xml:10:5-79
	android:name
		ADDED from src/main/AndroidManifest.xml:10:22-76
uses-permission#android.permission.VIBRATE
ADDED from src/main/AndroidManifest.xml:11:5-66
	android:name
		ADDED from src/main/AndroidManifest.xml:11:22-63
uses-feature#android.hardware.camera
ADDED from src/main/AndroidManifest.xml:12:5-59
	android:name
		ADDED from src/main/AndroidManifest.xml:12:19-57
uses-feature#android.hardware.camera.autofocus
ADDED from src/main/AndroidManifest.xml:13:5-69
	android:name
		ADDED from src/main/AndroidManifest.xml:13:19-67
uses-permission#android.permission.CAMERA
ADDED from src/main/AndroidManifest.xml:14:5-64
	android:name
		ADDED from src/main/AndroidManifest.xml:14:22-62
application
ADDED from src/main/AndroidManifest.xml:19:5-67:19
MERGED from [com.google.android.gms:play-services-vision:9.2.1] AndroidManifest.xml:5:5-20
MERGED from [com.google.android.gms:play-services-base:9.2.1] AndroidManifest.xml:19:5-23:19
MERGED from [com.google.android.gms:play-services-basement:9.2.1] AndroidManifest.xml:20:5-24:19
MERGED from [com.android.support:support-v4:23.4.0] AndroidManifest.xml:22:5-20
MERGED from [com.google.android.gms:play-services-tasks:9.2.1] AndroidManifest.xml:5:5-20
MERGED from [com.android.support:design:23.4.0] AndroidManifest.xml:22:5-20
MERGED from [com.android.support:appcompat-v7:23.4.0] AndroidManifest.xml:25:5-20
MERGED from [com.android.support:animated-vector-drawable:23.4.0] AndroidManifest.xml:7:5-20
MERGED from [com.android.support:support-vector-drawable:23.4.0] AndroidManifest.xml:7:5-20
	android:label
		ADDED from src/main/AndroidManifest.xml:19:18-50
	android:allowBackup
		ADDED from src/main/AndroidManifest.xml:23:18-45
	android:icon
		ADDED from src/main/AndroidManifest.xml:20:18-45
	android:largeHeap
		ADDED from src/main/AndroidManifest.xml:22:18-43
	android:description
		ADDED from src/main/AndroidManifest.xml:21:18-59
activity#com.apps.example01.example01
ADDED from src/main/AndroidManifest.xml:25:9-58:20
	android:screenOrientation
		ADDED from src/main/AndroidManifest.xml:39:1-33
	android:label
		ADDED from src/main/AndroidManifest.xml:26:19-44
	android:launchMode
		ADDED from src/main/AndroidManifest.xml:27:19-50
	android:windowActionBar
		ADDED from src/main/AndroidManifest.xml:41:19-50
	android:windowSoftInputMode
		ADDED from src/main/AndroidManifest.xml:34:19-61
	android:configChanges
		ADDED from src/main/AndroidManifest.xml:35:19-99
	android:theme
		ADDED from src/main/AndroidManifest.xml:29:19-50
	android:taskAffinity
		ADDED from src/main/AndroidManifest.xml:33:19-42
	android:name
		ADDED from src/main/AndroidManifest.xml:25:19-43
meta-data#android.app.lib_name
ADDED from src/main/AndroidManifest.xml:42:13-88
	android:value
		ADDED from src/main/AndroidManifest.xml:42:60-85
	android:name
		ADDED from src/main/AndroidManifest.xml:42:24-59
intent-filter#android.intent.action.MAIN+android.intent.category.LAUNCHER
ADDED from src/main/AndroidManifest.xml:43:13-46:29
action#android.intent.action.MAIN
ADDED from src/main/AndroidManifest.xml:44:17-69
	android:name
		ADDED from src/main/AndroidManifest.xml:44:25-66
category#android.intent.category.LAUNCHER
ADDED from src/main/AndroidManifest.xml:45:17-77
	android:name
		ADDED from src/main/AndroidManifest.xml:45:27-74
intent-filter#android.intent.action.VIEW+android.intent.category.BROWSABLE+android.intent.category.DEFAULT
ADDED from src/main/AndroidManifest.xml:47:13-55:29
action#android.intent.action.VIEW
ADDED from src/main/AndroidManifest.xml:48:17-69
	android:name
		ADDED from src/main/AndroidManifest.xml:48:25-66
category#android.intent.category.DEFAULT
ADDED from src/main/AndroidManifest.xml:49:17-76
	android:name
		ADDED from src/main/AndroidManifest.xml:49:27-73
category#android.intent.category.BROWSABLE
ADDED from src/main/AndroidManifest.xml:50:17-78
	android:name
		ADDED from src/main/AndroidManifest.xml:50:27-75
activity#com.fuse.qreader.BarcodeCaptureActivity
ADDED from src/main/AndroidManifest.xml:61:9-124
	android:theme
		ADDED from src/main/AndroidManifest.xml:61:74-112
	android:name
		ADDED from src/main/AndroidManifest.xml:61:19-73
uses-sdk
INJECTED from src/main/AndroidManifest.xml reason: use-sdk injection requested
MERGED from [com.google.android.gms:play-services-vision:9.2.1] AndroidManifest.xml:4:5-42
MERGED from [com.google.android.gms:play-services-base:9.2.1] AndroidManifest.xml:18:5-42
MERGED from [com.google.android.gms:play-services-basement:9.2.1] AndroidManifest.xml:18:5-42
MERGED from [com.android.support:support-v4:23.4.0] AndroidManifest.xml:20:5-43
MERGED from [com.google.android.gms:play-services-tasks:9.2.1] AndroidManifest.xml:4:5-43
MERGED from [com.android.support:design:23.4.0] AndroidManifest.xml:20:5-43
MERGED from [com.android.support:recyclerview-v7:23.4.0] AndroidManifest.xml:20:5-43
MERGED from [com.android.support:appcompat-v7:23.4.0] AndroidManifest.xml:21:5-23:78
MERGED from [com.android.support:animated-vector-drawable:23.4.0] AndroidManifest.xml:5:5-44
MERGED from [com.android.support:support-vector-drawable:23.4.0] AndroidManifest.xml:5:5-43
	tools:overrideLibrary
		ADDED from [com.android.support:appcompat-v7:23.4.0] AndroidManifest.xml:23:9-75
	android:targetSdkVersion
		INJECTED from src/main/AndroidManifest.xml
		INJECTED from src/main/AndroidManifest.xml
	android:minSdkVersion
		INJECTED from src/main/AndroidManifest.xml
		INJECTED from src/main/AndroidManifest.xml
activity#com.google.android.gms.common.api.GoogleApiActivity
ADDED from [com.google.android.gms:play-services-base:9.2.1] AndroidManifest.xml:20:9-22:45
	android:exported
		ADDED from [com.google.android.gms:play-services-base:9.2.1] AndroidManifest.xml:22:19-43
	android:theme
		ADDED from [com.google.android.gms:play-services-base:9.2.1] AndroidManifest.xml:21:19-78
	android:name
		ADDED from [com.google.android.gms:play-services-base:9.2.1] AndroidManifest.xml:20:19-85
meta-data#com.google.android.gms.version
ADDED from [com.google.android.gms:play-services-basement:9.2.1] AndroidManifest.xml:21:9-23:69
	android:value
		ADDED from [com.google.android.gms:play-services-basement:9.2.1] AndroidManifest.xml:23:13-66
	android:name
		ADDED from [com.google.android.gms:play-services-basement:9.2.1] AndroidManifest.xml:22:13-58